<?xml version="1.0" encoding="UTF-8"?>
<!-- Generated by org.testng.reporters.JUnitReportReporter -->
<testsuite hostname="Pranil" name="framework.testng.Test_with_Invacation_Count" tests="12" failures="0" timestamp="6 Sep 2021 13:28:27 GMT" time="3.496" errors="1">
  <testcase name="Tc001" time="0.238" classname="framework.testng.Test_with_Invacation_Count">
    <error type="org.openqa.selenium.NoSuchElementException" message="Cannot locate option with index: 12
For documentation on this error, please visit: https://www.seleniumhq.org/exceptions/no_such_element.html
Build info: version: &#039;3.141.59&#039;, revision: &#039;e82be7d358&#039;, time: &#039;2018-11-14T08:25:48&#039;
System info: host: &#039;PRANIL&#039;, ip: &#039;192.168.29.172&#039;, os.name: &#039;Windows 10&#039;, os.arch: &#039;amd64&#039;, os.version: &#039;10.0&#039;, java.version: &#039;1.8.0_201&#039;
Driver info: driver.version: unknown">
      <![CDATA[org.openqa.selenium.NoSuchElementException: Cannot locate option with index: 12
For documentation on this error, please visit: https://www.seleniumhq.org/exceptions/no_such_element.html
Build info: version: '3.141.59', revision: 'e82be7d358', time: '2018-11-14T08:25:48'
System info: host: 'PRANIL', ip: '192.168.29.172', os.name: 'Windows 10', os.arch: 'amd64', os.version: '10.0', java.version: '1.8.0_201'
Driver info: driver.version: unknown
	at org.openqa.selenium.support.ui.Select.setSelectedByIndex(Select.java:297)
	at org.openqa.selenium.support.ui.Select.selectByIndex(Select.java:172)
	at framework.testng.Test_with_Invacation_Count.Tc001(Test_with_Invacation_Count.java:21)
	at sun.reflect.NativeMethodAccessorImpl.invoke0(Native Method)
	at sun.reflect.NativeMethodAccessorImpl.invoke(Unknown Source)
	at sun.reflect.DelegatingMethodAccessorImpl.invoke(Unknown Source)
	at java.lang.reflect.Method.invoke(Unknown Source)
	at org.testng.internal.MethodInvocationHelper.invokeMethod(MethodInvocationHelper.java:100)
	at org.testng.internal.InvokeMethodRunnable.runOne(InvokeMethodRunnable.java:54)
	at org.testng.internal.InvokeMethodRunnable.run(InvokeMethodRunnable.java:44)
	at java.util.concurrent.Executors$RunnableAdapter.call(Unknown Source)
	at java.util.concurrent.FutureTask.run(Unknown Source)
	at java.util.concurrent.ThreadPoolExecutor.runWorker(Unknown Source)
	at java.util.concurrent.ThreadPoolExecutor$Worker.run(Unknown Source)
	at java.lang.Thread.run(Unknown Source)
]]>
    </error>
  </testcase> <!-- Tc001 -->
  <testcase name="Tc001" time="0.321" classname="framework.testng.Test_with_Invacation_Count"/>
  <testcase name="Tc001" time="0.294" classname="framework.testng.Test_with_Invacation_Count"/>
  <testcase name="Tc001" time="0.340" classname="framework.testng.Test_with_Invacation_Count"/>
  <testcase name="Tc001" time="0.337" classname="framework.testng.Test_with_Invacation_Count"/>
  <testcase name="Tc001" time="0.242" classname="framework.testng.Test_with_Invacation_Count"/>
  <testcase name="Tc001" time="0.235" classname="framework.testng.Test_with_Invacation_Count"/>
  <testcase name="Tc001" time="0.281" classname="framework.testng.Test_with_Invacation_Count"/>
  <testcase name="Tc001" time="0.407" classname="framework.testng.Test_with_Invacation_Count"/>
  <testcase name="Tc001" time="0.260" classname="framework.testng.Test_with_Invacation_Count"/>
  <testcase name="Tc001" time="0.276" classname="framework.testng.Test_with_Invacation_Count"/>
  <testcase name="Tc001" time="0.265" classname="framework.testng.Test_with_Invacation_Count"/>
</testsuite> <!-- framework.testng.Test_with_Invacation_Count -->
